# Logfile created on 2013-12-31 22:06:16 -0500 by logger.rb/44203
I, [2013-12-31T22:06:16.310967 #42264]  INFO -- : 0:  rake (0.9.2.2) from /Users/druse/.rvm/gems/ruby-2.1.0/specifications/rake-0.9.2.2.gemspec
I, [2013-12-31T22:06:16.778925 #42264]  INFO -- : 0:  addressable (2.3.2) from /Users/druse/.rvm/gems/ruby-2.1.0/specifications/addressable-2.3.2.gemspec
I, [2013-12-31T22:06:17.728963 #42264]  INFO -- : 0:  chunky_png (1.2.6) from /Users/druse/.rvm/gems/ruby-2.1.0/specifications/chunky_png-1.2.6.gemspec
I, [2013-12-31T22:06:19.169609 #42264]  INFO -- : 0:  coderay (1.0.7) from /Users/druse/.rvm/gems/ruby-2.1.0/specifications/coderay-1.0.7.gemspec
I, [2013-12-31T22:06:19.534941 #42264]  INFO -- : 0:  fssm (0.2.9) from /Users/druse/.rvm/gems/ruby-2.1.0/specifications/fssm-0.2.9.gemspec
I, [2013-12-31T22:06:20.275617 #42264]  INFO -- : 0:  sass (3.2.1) from /Users/druse/.rvm/gems/ruby-2.1.0/specifications/sass-3.2.1.gemspec
I, [2013-12-31T22:06:22.319202 #42264]  INFO -- : 0:  compass (0.12.2) from /Users/druse/.rvm/gems/ruby-2.1.0/specifications/compass-0.12.2.gemspec
I, [2013-12-31T22:06:22.729306 #42264]  INFO -- : 0:  daemons (1.1.9) from /Users/druse/.rvm/gems/ruby-2.1.0/specifications/daemons-1.1.9.gemspec
I, [2013-12-31T22:06:28.808094 #42264]  INFO -- : 0:  eventmachine (0.12.10) from /Users/druse/.rvm/gems/ruby-2.1.0/specifications/eventmachine-0.12.10.gemspec
I, [2013-12-31T22:06:31.445406 #42264]  INFO -- : 0:  excon (0.16.1) from /Users/druse/.rvm/gems/ruby-2.1.0/specifications/excon-0.16.1.gemspec
I, [2013-12-31T22:06:32.618110 #42264]  INFO -- : 0:  heroku-api (0.3.4) from /Users/druse/.rvm/gems/ruby-2.1.0/specifications/heroku-api-0.3.4.gemspec
I, [2013-12-31T22:06:32.954339 #42264]  INFO -- : 0:  launchy (2.1.2) from /Users/druse/.rvm/gems/ruby-2.1.0/specifications/launchy-2.1.2.gemspec
I, [2013-12-31T22:06:33.473088 #42264]  INFO -- : 0:  netrc (0.7.7) from /Users/druse/.rvm/gems/ruby-2.1.0/specifications/netrc-0.7.7.gemspec
I, [2013-12-31T22:06:33.862207 #42264]  INFO -- : 0:  mime-types (1.19) from /Users/druse/.rvm/gems/ruby-2.1.0/specifications/mime-types-1.19.gemspec
I, [2013-12-31T22:06:34.246309 #42264]  INFO -- : 0:  rest-client (1.6.7) from /Users/druse/.rvm/gems/ruby-2.1.0/specifications/rest-client-1.6.7.gemspec
I, [2013-12-31T22:06:34.807936 #42264]  INFO -- : 0:  rubyzip (0.9.9) from /Users/druse/.rvm/gems/ruby-2.1.0/specifications/rubyzip-0.9.9.gemspec
I, [2013-12-31T22:06:35.568570 #42264]  INFO -- : 0:  heroku (2.30.3) from /Users/druse/.rvm/gems/ruby-2.1.0/specifications/heroku-2.30.3.gemspec
I, [2013-12-31T22:06:36.296170 #42264]  INFO -- : 0:  method_source (0.8) from /Users/druse/.rvm/gems/ruby-2.1.0/specifications/method_source-0.8.gemspec
I, [2013-12-31T22:06:37.999595 #42264]  INFO -- : 0:  sassy-math (1.2) from /Users/druse/.rvm/gems/ruby-2.1.0/specifications/sassy-math-1.2.gemspec
I, [2013-12-31T22:06:38.944359 #42264]  INFO -- : 0:  modular-scale (1.0.2) from /Users/druse/.rvm/gems/ruby-2.1.0/specifications/modular-scale-1.0.2.gemspec
I, [2013-12-31T22:06:39.950046 #42264]  INFO -- : 0:  slop (3.3.2) from /Users/druse/.rvm/gems/ruby-2.1.0/specifications/slop-3.3.2.gemspec
I, [2013-12-31T22:06:40.646160 #42264]  INFO -- : 0:  pry (0.9.10) from /Users/druse/.rvm/gems/ruby-2.1.0/specifications/pry-0.9.10.gemspec
I, [2013-12-31T22:06:41.371033 #42264]  INFO -- : 0:  rack (1.4.1) from /Users/druse/.rvm/gems/ruby-2.1.0/specifications/rack-1.4.1.gemspec
I, [2013-12-31T22:06:41.759880 #42264]  INFO -- : 0:  rack-protection (1.2.0) from /Users/druse/.rvm/gems/ruby-2.1.0/specifications/rack-protection-1.2.0.gemspec
I, [2013-12-31T22:06:42.082460 #42264]  INFO -- : 0:  shotgun (0.9) from /Users/druse/.rvm/gems/ruby-2.1.0/specifications/shotgun-0.9.gemspec
I, [2013-12-31T22:06:42.459138 #42264]  INFO -- : 0:  tilt (1.3.3) from /Users/druse/.rvm/gems/ruby-2.1.0/specifications/tilt-1.3.3.gemspec
I, [2013-12-31T22:06:43.178025 #42264]  INFO -- : 0:  sinatra (1.3.3) from /Users/druse/.rvm/gems/ruby-2.1.0/specifications/sinatra-1.3.3.gemspec
I, [2013-12-31T22:06:44.038936 #42264]  INFO -- : 0:  thin (1.4.1) from /Users/druse/.rvm/gems/ruby-2.1.0/specifications/thin-1.4.1.gemspec
I, [2013-12-31T22:06:48.415671 #42264]  INFO -- : 0:  zurb-foundation (3.0.9) from /Users/druse/.rvm/gems/ruby-2.1.0/specifications/zurb-foundation-3.0.9.gemspec
I, [2013-12-31T22:06:48.416009 #42264]  INFO -- : 0:  bundler (1.5.1) from /Users/druse/.rvm/gems/ruby-2.1.0@global/specifications/bundler-1.5.1.gemspec
I, [2014-01-07T11:11:24.434364 #69348]  INFO -- : 0:  rake (0.9.2.2) from /Users/druse/.rvm/gems/ruby-2.1.0/specifications/rake-0.9.2.2.gemspec
I, [2014-01-07T11:11:24.435032 #69348]  INFO -- : 0:  addressable (2.3.2) from /Users/druse/.rvm/gems/ruby-2.1.0/specifications/addressable-2.3.2.gemspec
I, [2014-01-07T11:11:24.435275 #69348]  INFO -- : 0:  chunky_png (1.2.6) from /Users/druse/.rvm/gems/ruby-2.1.0/specifications/chunky_png-1.2.6.gemspec
I, [2014-01-07T11:11:24.435484 #69348]  INFO -- : 0:  coderay (1.0.7) from /Users/druse/.rvm/gems/ruby-2.1.0/specifications/coderay-1.0.7.gemspec
I, [2014-01-07T11:11:24.435698 #69348]  INFO -- : 0:  fssm (0.2.9) from /Users/druse/.rvm/gems/ruby-2.1.0/specifications/fssm-0.2.9.gemspec
I, [2014-01-07T11:11:24.435912 #69348]  INFO -- : 0:  sass (3.2.1) from /Users/druse/.rvm/gems/ruby-2.1.0/specifications/sass-3.2.1.gemspec
I, [2014-01-07T11:11:24.436113 #69348]  INFO -- : 0:  compass (0.12.2) from /Users/druse/.rvm/gems/ruby-2.1.0/specifications/compass-0.12.2.gemspec
I, [2014-01-07T11:11:24.436317 #69348]  INFO -- : 0:  daemons (1.1.9) from /Users/druse/.rvm/gems/ruby-2.1.0/specifications/daemons-1.1.9.gemspec
I, [2014-01-07T11:11:24.436525 #69348]  INFO -- : 0:  eventmachine (0.12.10) from /Users/druse/.rvm/gems/ruby-2.1.0/specifications/eventmachine-0.12.10.gemspec
I, [2014-01-07T11:11:24.436737 #69348]  INFO -- : 0:  excon (0.16.1) from /Users/druse/.rvm/gems/ruby-2.1.0/specifications/excon-0.16.1.gemspec
I, [2014-01-07T11:11:24.436943 #69348]  INFO -- : 0:  heroku-api (0.3.4) from /Users/druse/.rvm/gems/ruby-2.1.0/specifications/heroku-api-0.3.4.gemspec
I, [2014-01-07T11:11:24.437144 #69348]  INFO -- : 0:  launchy (2.1.2) from /Users/druse/.rvm/gems/ruby-2.1.0/specifications/launchy-2.1.2.gemspec
I, [2014-01-07T11:11:24.437344 #69348]  INFO -- : 0:  netrc (0.7.7) from /Users/druse/.rvm/gems/ruby-2.1.0/specifications/netrc-0.7.7.gemspec
I, [2014-01-07T11:11:24.437549 #69348]  INFO -- : 0:  mime-types (1.19) from /Users/druse/.rvm/gems/ruby-2.1.0/specifications/mime-types-1.19.gemspec
I, [2014-01-07T11:11:24.437748 #69348]  INFO -- : 0:  rest-client (1.6.7) from /Users/druse/.rvm/gems/ruby-2.1.0/specifications/rest-client-1.6.7.gemspec
I, [2014-01-07T11:11:24.437947 #69348]  INFO -- : 0:  rubyzip (0.9.9) from /Users/druse/.rvm/gems/ruby-2.1.0/specifications/rubyzip-0.9.9.gemspec
I, [2014-01-07T11:11:24.438145 #69348]  INFO -- : 0:  heroku (2.30.3) from /Users/druse/.rvm/gems/ruby-2.1.0/specifications/heroku-2.30.3.gemspec
I, [2014-01-07T11:11:24.438344 #69348]  INFO -- : 0:  method_source (0.8) from /Users/druse/.rvm/gems/ruby-2.1.0/specifications/method_source-0.8.gemspec
I, [2014-01-07T11:11:24.438550 #69348]  INFO -- : 0:  sassy-math (1.2) from /Users/druse/.rvm/gems/ruby-2.1.0/specifications/sassy-math-1.2.gemspec
I, [2014-01-07T11:11:24.438816 #69348]  INFO -- : 0:  modular-scale (1.0.2) from /Users/druse/.rvm/gems/ruby-2.1.0/specifications/modular-scale-1.0.2.gemspec
I, [2014-01-07T11:11:24.439062 #69348]  INFO -- : 0:  slop (3.3.2) from /Users/druse/.rvm/gems/ruby-2.1.0/specifications/slop-3.3.2.gemspec
I, [2014-01-07T11:11:24.439292 #69348]  INFO -- : 0:  pry (0.9.10) from /Users/druse/.rvm/gems/ruby-2.1.0/specifications/pry-0.9.10.gemspec
I, [2014-01-07T11:11:24.439575 #69348]  INFO -- : 0:  rack (1.4.1) from /Users/druse/.rvm/gems/ruby-2.1.0/specifications/rack-1.4.1.gemspec
I, [2014-01-07T11:11:24.439807 #69348]  INFO -- : 0:  rack-protection (1.2.0) from /Users/druse/.rvm/gems/ruby-2.1.0/specifications/rack-protection-1.2.0.gemspec
I, [2014-01-07T11:11:24.440025 #69348]  INFO -- : 0:  shotgun (0.9) from /Users/druse/.rvm/gems/ruby-2.1.0/specifications/shotgun-0.9.gemspec
I, [2014-01-07T11:11:24.440309 #69348]  INFO -- : 0:  tilt (1.3.3) from /Users/druse/.rvm/gems/ruby-2.1.0/specifications/tilt-1.3.3.gemspec
I, [2014-01-07T11:11:24.440527 #69348]  INFO -- : 0:  sinatra (1.3.3) from /Users/druse/.rvm/gems/ruby-2.1.0/specifications/sinatra-1.3.3.gemspec
I, [2014-01-07T11:11:24.440717 #69348]  INFO -- : 0:  thin (1.4.1) from /Users/druse/.rvm/gems/ruby-2.1.0/specifications/thin-1.4.1.gemspec
I, [2014-01-07T11:11:24.440905 #69348]  INFO -- : 0:  zurb-foundation (3.0.9) from /Users/druse/.rvm/gems/ruby-2.1.0/specifications/zurb-foundation-3.0.9.gemspec
I, [2014-01-07T11:11:24.441080 #69348]  INFO -- : 0:  bundler (1.5.1) from /Users/druse/.rvm/gems/ruby-2.1.0@global/specifications/bundler-1.5.1.gemspec
I, [2014-01-09T07:50:48.347535 #15430]  INFO -- : 0:  rake (0.9.2.2) from /Users/daveruse/.rvm/gems/ruby-2.1.0/specifications/rake-0.9.2.2.gemspec
I, [2014-01-09T07:50:49.102479 #15430]  INFO -- : 0:  addressable (2.3.2) from /Users/daveruse/.rvm/gems/ruby-2.1.0/specifications/addressable-2.3.2.gemspec
I, [2014-01-09T07:50:51.049100 #15430]  INFO -- : 0:  chunky_png (1.2.6) from /Users/daveruse/.rvm/gems/ruby-2.1.0/specifications/chunky_png-1.2.6.gemspec
I, [2014-01-09T07:50:51.770442 #15430]  INFO -- : 0:  coderay (1.0.7) from /Users/daveruse/.rvm/gems/ruby-2.1.0/specifications/coderay-1.0.7.gemspec
I, [2014-01-09T07:50:52.426122 #15430]  INFO -- : 0:  fssm (0.2.9) from /Users/daveruse/.rvm/gems/ruby-2.1.0/specifications/fssm-0.2.9.gemspec
I, [2014-01-09T07:50:53.681255 #15430]  INFO -- : 0:  sass (3.2.1) from /Users/daveruse/.rvm/gems/ruby-2.1.0/specifications/sass-3.2.1.gemspec
I, [2014-01-09T07:50:53.681576 #15430]  INFO -- : 0:  compass (0.12.2) from /Users/daveruse/.rvm/gems/ruby-2.1.0/specifications/compass-0.12.2.gemspec
I, [2014-01-09T07:50:53.681805 #15430]  INFO -- : 0:  daemons (1.1.9) from /Users/daveruse/.rvm/gems/ruby-2.1.0/specifications/daemons-1.1.9.gemspec
I, [2014-01-09T07:51:07.649294 #15430]  INFO -- : 0:  eventmachine (0.12.10) from /Users/daveruse/.rvm/gems/ruby-2.1.0/specifications/eventmachine-0.12.10.gemspec
I, [2014-01-09T07:51:08.605631 #15430]  INFO -- : 0:  excon (0.16.1) from /Users/daveruse/.rvm/gems/ruby-2.1.0/specifications/excon-0.16.1.gemspec
I, [2014-01-09T07:51:09.256703 #15430]  INFO -- : 0:  heroku-api (0.3.4) from /Users/daveruse/.rvm/gems/ruby-2.1.0/specifications/heroku-api-0.3.4.gemspec
I, [2014-01-09T07:51:09.921551 #15430]  INFO -- : 0:  launchy (2.1.2) from /Users/daveruse/.rvm/gems/ruby-2.1.0/specifications/launchy-2.1.2.gemspec
I, [2014-01-09T07:51:10.581310 #15430]  INFO -- : 0:  netrc (0.7.7) from /Users/daveruse/.rvm/gems/ruby-2.1.0/specifications/netrc-0.7.7.gemspec
I, [2014-01-09T07:51:11.229680 #15430]  INFO -- : 0:  mime-types (1.19) from /Users/daveruse/.rvm/gems/ruby-2.1.0/specifications/mime-types-1.19.gemspec
I, [2014-01-09T07:51:11.910148 #15430]  INFO -- : 0:  rest-client (1.6.7) from /Users/daveruse/.rvm/gems/ruby-2.1.0/specifications/rest-client-1.6.7.gemspec
I, [2014-01-09T07:51:12.567549 #15430]  INFO -- : 0:  rubyzip (0.9.9) from /Users/daveruse/.rvm/gems/ruby-2.1.0/specifications/rubyzip-0.9.9.gemspec
I, [2014-01-09T07:51:13.406160 #15430]  INFO -- : 0:  heroku (2.30.3) from /Users/daveruse/.rvm/gems/ruby-2.1.0/specifications/heroku-2.30.3.gemspec
I, [2014-01-09T07:51:14.081898 #15430]  INFO -- : 0:  method_source (0.8) from /Users/daveruse/.rvm/gems/ruby-2.1.0/specifications/method_source-0.8.gemspec
I, [2014-01-09T07:51:14.866632 #15430]  INFO -- : 0:  sassy-math (1.2) from /Users/daveruse/.rvm/gems/ruby-2.1.0/specifications/sassy-math-1.2.gemspec
I, [2014-01-09T07:51:15.540822 #15430]  INFO -- : 0:  modular-scale (1.0.2) from /Users/daveruse/.rvm/gems/ruby-2.1.0/specifications/modular-scale-1.0.2.gemspec
I, [2014-01-09T07:51:16.208188 #15430]  INFO -- : 0:  slop (3.3.2) from /Users/daveruse/.rvm/gems/ruby-2.1.0/specifications/slop-3.3.2.gemspec
I, [2014-01-09T07:51:17.014947 #15430]  INFO -- : 0:  pry (0.9.10) from /Users/daveruse/.rvm/gems/ruby-2.1.0/specifications/pry-0.9.10.gemspec
I, [2014-01-09T07:51:17.886851 #15430]  INFO -- : 0:  rack (1.4.1) from /Users/daveruse/.rvm/gems/ruby-2.1.0/specifications/rack-1.4.1.gemspec
I, [2014-01-09T07:51:18.619572 #15430]  INFO -- : 0:  rack-protection (1.2.0) from /Users/daveruse/.rvm/gems/ruby-2.1.0/specifications/rack-protection-1.2.0.gemspec
I, [2014-01-09T07:51:18.619950 #15430]  INFO -- : 0:  shotgun (0.9) from /Users/daveruse/.rvm/gems/ruby-2.1.0/specifications/shotgun-0.9.gemspec
I, [2014-01-09T07:51:19.254578 #15430]  INFO -- : 0:  tilt (1.3.3) from /Users/daveruse/.rvm/gems/ruby-2.1.0/specifications/tilt-1.3.3.gemspec
I, [2014-01-09T07:51:20.180259 #15430]  INFO -- : 0:  sinatra (1.3.3) from /Users/daveruse/.rvm/gems/ruby-2.1.0/specifications/sinatra-1.3.3.gemspec
I, [2014-01-09T07:51:21.369933 #15430]  INFO -- : 0:  thin (1.4.1) from /Users/daveruse/.rvm/gems/ruby-2.1.0/specifications/thin-1.4.1.gemspec
I, [2014-01-09T07:51:22.600917 #15430]  INFO -- : 0:  zurb-foundation (3.0.9) from /Users/daveruse/.rvm/gems/ruby-2.1.0/specifications/zurb-foundation-3.0.9.gemspec
I, [2014-01-09T07:51:22.601351 #15430]  INFO -- : 0:  bundler (1.5.1) from /Users/daveruse/.rvm/gems/ruby-2.1.0@global/specifications/bundler-1.5.1.gemspec
